# JRE version: OpenJDK Runtime Environment Temurin-17.0.5+8 (17.0.5+8) (build 17.0.5+8)
# Java VM: OpenJDK 64-Bit Server VM Temurin-17.0.5+8 (17.0.5+8, mixed mode, emulated-client, tiered, compressed oops, compressed class ptrs, g1 gc, windows-amd64)
GC Precious Log:
 CPUs: 12 total, 12 available
 Memory: 16301M
 Large Page Support: Disabled
 NUMA Support: Disabled
 Compressed Oops: Enabled (Zero based)
 Heap Region Size: 2M
 Heap Min Capacity: 8M
 Heap Initial Capacity: 256M
 Heap Max Capacity: 4076M
 Pre-touch: Disabled
 Parallel Workers: 10
 Concurrent Workers: 3
 Concurrent Refinement Workers: 10
 Periodic GC: Disabled
Heap:
 garbage-first heap   total 315392K, used 171330K [0x0000000701400000, 0x0000000800000000)
  region size 2048K, 29 young (59392K), 0 survivors (0K)
 Metaspace       used 71054K, committed 71552K, reserved 1114112K
  class space    used 9613K, committed 9856K, reserved 1048576K
GC Heap History (20 events):
Event: 8676.533 GC heap after
{Heap after GC invocations=1341 (full 496):
 garbage-first heap   total 315392K, used 112770K [0x0000000701400000, 0x0000000800000000)
  region size 2048K, 0 young (0K), 0 survivors (0K)
 Metaspace       used 71054K, committed 71552K, reserved 1114112K
  class space    used 9613K, committed 9856K, reserved 1048576K
}
Event: 8686.617 GC heap before
{Heap before GC invocations=1341 (full 496):
 garbage-first heap   total 315392K, used 112770K [0x0000000701400000, 0x0000000800000000)
  region size 2048K, 1 young (2048K), 0 survivors (0K)
 Metaspace       used 71054K, committed 71552K, reserved 1114112K
  class space    used 9613K, committed 9856K, reserved 1048576K
}
Event: 8686.664 GC heap after
{Heap after GC invocations=1342 (full 497):
 garbage-first heap   total 315392K, used 112770K [0x0000000701400000, 0x0000000800000000)
  region size 2048K, 0 young (0K), 0 survivors (0K)
 Metaspace       used 71054K, committed 71552K, reserved 1114112K
  class space    used 9613K, committed 9856K, reserved 1048576K
}
Event: 8696.754 GC heap before
{Heap before GC invocations=1342 (full 497):
 garbage-first heap   total 315392K, used 112770K [0x0000000701400000, 0x0000000800000000)
  region size 2048K, 1 young (2048K), 0 survivors (0K)
 Metaspace       used 71054K, committed 71552K, reserved 1114112K
  class space    used 9613K, committed 9856K, reserved 1048576K
}
Event: 8696.800 GC heap after
{Heap after GC invocations=1343 (full 498):
 garbage-first heap   total 315392K, used 112770K [0x0000000701400000, 0x0000000800000000)
  region size 2048K, 0 young (0K), 0 survivors (0K)
 Metaspace       used 71054K, committed 71552K, reserved 1114112K
  class space    used 9613K, committed 9856K, reserved 1048576K
}
Event: 8706.897 GC heap before
{Heap before GC invocations=1343 (full 498):
 garbage-first heap   total 315392K, used 112770K [0x0000000701400000, 0x0000000800000000)
  region size 2048K, 1 young (2048K), 0 survivors (0K)
 Metaspace       used 71054K, committed 71552K, reserved 1114112K
  class space    used 9613K, committed 9856K, reserved 1048576K
}
Event: 8706.944 GC heap after
{Heap after GC invocations=1344 (full 499):
 garbage-first heap   total 315392K, used 112770K [0x0000000701400000, 0x0000000800000000)
  region size 2048K, 0 young (0K), 0 survivors (0K)
 Metaspace       used 71054K, committed 71552K, reserved 1114112K
  class space    used 9613K, committed 9856K, reserved 1048576K
}
Event: 8717.045 GC heap before
{Heap before GC invocations=1344 (full 499):
 garbage-first heap   total 315392K, used 112770K [0x0000000701400000, 0x0000000800000000)
  region size 2048K, 1 young (2048K), 0 survivors (0K)
 Metaspace       used 71054K, committed 71552K, reserved 1114112K
  class space    used 9613K, committed 9856K, reserved 1048576K
}
Event: 8717.094 GC heap after
{Heap after GC invocations=1345 (full 500):
 garbage-first heap   total 315392K, used 112770K [0x0000000701400000, 0x0000000800000000)
  region size 2048K, 0 young (0K), 0 survivors (0K)
 Metaspace       used 71054K, committed 71552K, reserved 1114112K
  class space    used 9613K, committed 9856K, reserved 1048576K
}
Event: 8727.179 GC heap before
{Heap before GC invocations=1345 (full 500):
 garbage-first heap   total 315392K, used 112770K [0x0000000701400000, 0x0000000800000000)
  region size 2048K, 1 young (2048K), 0 survivors (0K)
 Metaspace       used 71054K, committed 71552K, reserved 1114112K
  class space    used 9613K, committed 9856K, reserved 1048576K
}
Event: 8727.226 GC heap after
{Heap after GC invocations=1346 (full 501):
 garbage-first heap   total 315392K, used 112770K [0x0000000701400000, 0x0000000800000000)
  region size 2048K, 0 young (0K), 0 survivors (0K)
 Metaspace       used 71054K, committed 71552K, reserved 1114112K
  class space    used 9613K, committed 9856K, reserved 1048576K
}
Event: 8737.313 GC heap before
{Heap before GC invocations=1346 (full 501):
 garbage-first heap   total 315392K, used 112770K [0x0000000701400000, 0x0000000800000000)
  region size 2048K, 1 young (2048K), 0 survivors (0K)
 Metaspace       used 71054K, committed 71552K, reserved 1114112K
  class space    used 9613K, committed 9856K, reserved 1048576K
}
Event: 8737.359 GC heap after
{Heap after GC invocations=1347 (full 502):
 garbage-first heap   total 315392K, used 112770K [0x0000000701400000, 0x0000000800000000)
  region size 2048K, 0 young (0K), 0 survivors (0K)
 Metaspace       used 71054K, committed 71552K, reserved 1114112K
  class space    used 9613K, committed 9856K, reserved 1048576K
}
Event: 8747.443 GC heap before
{Heap before GC invocations=1347 (full 502):
 garbage-first heap   total 315392K, used 112770K [0x0000000701400000, 0x0000000800000000)
  region size 2048K, 1 young (2048K), 0 survivors (0K)
 Metaspace       used 71054K, committed 71552K, reserved 1114112K
  class space    used 9613K, committed 9856K, reserved 1048576K
}
Event: 8747.489 GC heap after
{Heap after GC invocations=1348 (full 503):
 garbage-first heap   total 315392K, used 112770K [0x0000000701400000, 0x0000000800000000)
  region size 2048K, 0 young (0K), 0 survivors (0K)
 Metaspace       used 71054K, committed 71552K, reserved 1114112K
  class space    used 9613K, committed 9856K, reserved 1048576K
}
Event: 8757.576 GC heap before
{Heap before GC invocations=1348 (full 503):
 garbage-first heap   total 315392K, used 112770K [0x0000000701400000, 0x0000000800000000)
  region size 2048K, 1 young (2048K), 0 survivors (0K)
 Metaspace       used 71054K, committed 71552K, reserved 1114112K
  class space    used 9613K, committed 9856K, reserved 1048576K
}
Event: 8757.622 GC heap after
{Heap after GC invocations=1349 (full 504):
 garbage-first heap   total 315392K, used 112770K [0x0000000701400000, 0x0000000800000000)
  region size 2048K, 0 young (0K), 0 survivors (0K)
 Metaspace       used 71054K, committed 71552K, reserved 1114112K
  class space    used 9613K, committed 9856K, reserved 1048576K
}
Event: 8797.847 GC heap before
{Heap before GC invocations=1349 (full 504):
 garbage-first heap   total 315392K, used 186498K [0x0000000701400000, 0x0000000800000000)
  region size 2048K, 37 young (75776K), 0 survivors (0K)
 Metaspace       used 71054K, committed 71552K, reserved 1114112K
  class space    used 9613K, committed 9856K, reserved 1048576K
}
Event: 8797.926 GC heap after
{Heap after GC invocations=1350 (full 505):
 garbage-first heap   total 315392K, used 112942K [0x0000000701400000, 0x0000000800000000)
  region size 2048K, 0 young (0K), 0 survivors (0K)
 Metaspace       used 71054K, committed 71552K, reserved 1114112K
  class space    used 9613K, committed 9856K, reserved 1048576K
}
Event: 8838.066 GC heap before
{Heap before GC invocations=1350 (full 505):
 garbage-first heap   total 315392K, used 170286K [0x0000000701400000, 0x0000000800000000)
  region size 2048K, 29 young (59392K), 0 survivors (0K)
 Metaspace       used 71054K, committed 71552K, reserved 1114112K
  class space    used 9613K, committed 9856K, reserved 1048576K
}

